<?xml version="1.0" encoding="UTF-8"?>
<testsuite xmlns:xsi="http://www.w3.org/2001/XMLSchema-instance" xsi:noNamespaceSchemaLocation="https://maven.apache.org/surefire/maven-surefire-plugin/xsd/surefire-test-report.xsd" version="3.0.2" name="com.shoppinglist.springboot.SpringbootShopApplicationTests" time="6.662" tests="1" errors="0" skipped="0" failures="0">
  <properties>
[...]
</properties>
  <testcase name="contextLoads" classname="com.shoppinglist.springboot.SpringbootShopApplicationTests" time="0.471">
    <system-out><![CDATA[09:38:30.864 [main] INFO org.springframework.test.context.support.AnnotationConfigContextLoaderUtils -- Could not detect default configuration classes for test class [com.shoppinglist.springboot.SpringbootShopApplicationTests]: SpringbootShopApplicationTests does not declare any static, non-private, non-final, nested classes annotated with @Configuration.
09:38:30.994 [main] INFO org.springframework.boot.test.context.SpringBootTestContextBootstrapper -- Found @SpringBootConfiguration com.shoppinglist.springboot.SpringbootShopApplication for test class com.shoppinglist.springboot.SpringbootShopApplicationTests

  .   ____          _            __ _ _
 /\\ / ___'_ __ _ _(_)_ __  __ _ \ \ \ \
( ( )\___ | '_ | '_| | '_ \/ _` | \ \ \ \
 \\/  ___)| |_)| | | | | || (_| |  ) ) ) )
  '  |____| .__|_| |_|_| |_\__, | / / / /
 =========|_|==============|___/=/_/_/_/

 :: Spring Boot ::                (v3.4.0)

2024-11-26T09:38:31.497+01:00  INFO 30988 --- [springboot-shop] [           main] c.s.s.SpringbootShopApplicationTests     : Starting SpringbootShopApplicationTests using Java 17.0.12 with PID 30988 (started by micha in C:\Users\micha\OneDrive\Dokumenty\GitHub\Shopping-List-App-BE)
2024-11-26T09:38:31.499+01:00  INFO 30988 --- [springboot-shop] [           main] c.s.s.SpringbootShopApplicationTests     : No active profile set, falling back to 1 default profile: "default"
2024-11-26T09:38:32.317+01:00  INFO 30988 --- [springboot-shop] [           main] .s.d.r.c.RepositoryConfigurationDelegate : Bootstrapping Spring Data JPA repositories in DEFAULT mode.
2024-11-26T09:38:32.412+01:00  INFO 30988 --- [springboot-shop] [           main] .s.d.r.c.RepositoryConfigurationDelegate : Finished Spring Data repository scanning in 84 ms. Found 7 JPA repository interfaces.
2024-11-26T09:38:32.960+01:00  INFO 30988 --- [springboot-shop] [           main] o.hibernate.jpa.internal.util.LogHelper  : HHH000204: Processing PersistenceUnitInfo [name: default]
2024-11-26T09:38:33.056+01:00  INFO 30988 --- [springboot-shop] [           main] org.hibernate.Version                    : HHH000412: Hibernate ORM core version 6.6.2.Final
2024-11-26T09:38:33.109+01:00  INFO 30988 --- [springboot-shop] [           main] o.h.c.internal.RegionFactoryInitiator    : HHH000026: Second-level cache disabled
2024-11-26T09:38:33.510+01:00  INFO 30988 --- [springboot-shop] [           main] o.s.o.j.p.SpringPersistenceUnitInfo      : No LoadTimeWeaver setup: ignoring JPA class transformer
2024-11-26T09:38:33.574+01:00  INFO 30988 --- [springboot-shop] [           main] com.zaxxer.hikari.HikariDataSource       : HikariPool-1 - Starting...
2024-11-26T09:38:33.799+01:00  INFO 30988 --- [springboot-shop] [           main] com.zaxxer.hikari.pool.HikariPool        : HikariPool-1 - Added connection org.postgresql.jdbc.PgConnection@2d24cdd9
2024-11-26T09:38:33.801+01:00  INFO 30988 --- [springboot-shop] [           main] com.zaxxer.hikari.HikariDataSource       : HikariPool-1 - Start completed.
2024-11-26T09:38:33.854+01:00  WARN 30988 --- [springboot-shop] [           main] org.hibernate.orm.deprecation            : HHH90000025: PostgreSQLDialect does not need to be specified explicitly using 'hibernate.dialect' (remove the property setting and it will be selected by default)
2024-11-26T09:38:33.881+01:00  INFO 30988 --- [springboot-shop] [           main] org.hibernate.orm.connections.pooling    : HHH10001005: Database info:
	Database JDBC URL [Connecting through datasource 'HikariDataSource (HikariPool-1)']
	Database driver: undefined/unknown
	Database version: 16.2
	Autocommit mode: undefined/unknown
	Isolation level: undefined/unknown
	Minimum pool size: undefined/unknown
	Maximum pool size: undefined/unknown
2024-11-26T09:38:35.060+01:00  INFO 30988 --- [springboot-shop] [           main] o.h.e.t.j.p.i.JtaPlatformInitiator       : HHH000489: No JTA platform available (set 'hibernate.transaction.jta.platform' to enable JTA platform integration)
2024-11-26T09:38:35.177+01:00  INFO 30988 --- [springboot-shop] [           main] j.LocalContainerEntityManagerFactoryBean : Initialized JPA EntityManagerFactory for persistence unit 'default'
2024-11-26T09:38:35.917+01:00  WARN 30988 --- [springboot-shop] [           main] JpaBaseConfiguration$JpaWebConfiguration : spring.jpa.open-in-view is enabled by default. Therefore, database queries may be performed during view rendering. Explicitly configure spring.jpa.open-in-view to disable this warning
2024-11-26T09:38:36.317+01:00  INFO 30988 --- [springboot-shop] [           main] c.s.s.SpringbootShopApplicationTests     : Started SpringbootShopApplicationTests in 5.134 seconds (process running for 6.152)
Hibernate: 
    select
        kcm1_0.id,
        kcm1_0.category,
        kcm1_0.keyword 
    from
        keyword_category_mapping kcm1_0 
    where
        kcm1_0.keyword=?
Hibernate: 
    select
        kcm1_0.id,
        kcm1_0.category,
        kcm1_0.keyword 
    from
        keyword_category_mapping kcm1_0 
    where
        kcm1_0.keyword=?
Hibernate: 
    select
        kcm1_0.id,
        kcm1_0.category,
        kcm1_0.keyword 
    from
        keyword_category_mapping kcm1_0 
    where
        kcm1_0.keyword=?
Hibernate: 
    select
        kcm1_0.id,
        kcm1_0.category,
        kcm1_0.keyword 
    from
        keyword_category_mapping kcm1_0 
    where
        kcm1_0.keyword=?
Hibernate: 
    select
        kcm1_0.id,
        kcm1_0.category,
        kcm1_0.keyword 
    from
        keyword_category_mapping kcm1_0 
    where
        kcm1_0.keyword=?
Hibernate: 
    select
        kcm1_0.id,
        kcm1_0.category,
        kcm1_0.keyword 
    from
        keyword_category_mapping kcm1_0 
    where
        kcm1_0.keyword=?
Hibernate: 
    select
        kcm1_0.id,
        kcm1_0.category,
        kcm1_0.keyword 
    from
        keyword_category_mapping kcm1_0 
    where
        kcm1_0.keyword=?
Hibernate: 
    select
        kcm1_0.id,
        kcm1_0.category,
        kcm1_0.keyword 
    from
        keyword_category_mapping kcm1_0 
    where
        kcm1_0.keyword=?
Hibernate: 
    select
        kcm1_0.id,
        kcm1_0.category,
        kcm1_0.keyword 
    from
        keyword_category_mapping kcm1_0 
    where
        kcm1_0.keyword=?
Hibernate: 
    select
        kcm1_0.id,
        kcm1_0.category,
        kcm1_0.keyword 
    from
        keyword_category_mapping kcm1_0 
    where
        kcm1_0.keyword=?
Hibernate: 
    select
        kcm1_0.id,
        kcm1_0.category,
        kcm1_0.keyword 
    from
        keyword_category_mapping kcm1_0 
    where
        kcm1_0.keyword=?
Hibernate: 
    select
        kcm1_0.id,
        kcm1_0.category,
        kcm1_0.keyword 
    from
        keyword_category_mapping kcm1_0 
    where
        kcm1_0.keyword=?
Hibernate: 
    select
        kcm1_0.id,
        kcm1_0.category,
        kcm1_0.keyword 
    from
        keyword_category_mapping kcm1_0 
    where
        kcm1_0.keyword=?
Hibernate: 
    select
        kcm1_0.id,
        kcm1_0.category,
        kcm1_0.keyword 
    from
        keyword_category_mapping kcm1_0 
    where
        kcm1_0.keyword=?
Hibernate: 
    select
        kcm1_0.id,
        kcm1_0.category,
        kcm1_0.keyword 
    from
        keyword_category_mapping kcm1_0 
    where
        kcm1_0.keyword=?
Hibernate: 
    select
        kcm1_0.id,
        kcm1_0.category,
        kcm1_0.keyword 
    from
        keyword_category_mapping kcm1_0 
    where
        kcm1_0.keyword=?
Hibernate: 
    select
        kcm1_0.id,
        kcm1_0.category,
        kcm1_0.keyword 
    from
        keyword_category_mapping kcm1_0 
    where
        kcm1_0.keyword=?
Hibernate: 
    select
        kcm1_0.id,
        kcm1_0.category,
        kcm1_0.keyword 
    from
        keyword_category_mapping kcm1_0 
    where
        kcm1_0.keyword=?
Hibernate: 
    select
        kcm1_0.id,
        kcm1_0.category,
        kcm1_0.keyword 
    from
        keyword_category_mapping kcm1_0 
    where
        kcm1_0.keyword=?
Hibernate: 
    select
        kcm1_0.id,
        kcm1_0.category,
        kcm1_0.keyword 
    from
        keyword_category_mapping kcm1_0 
    where
        kcm1_0.keyword=?
Hibernate: 
    select
        kcm1_0.id,
        kcm1_0.category,
        kcm1_0.keyword 
    from
        keyword_category_mapping kcm1_0 
    where
        kcm1_0.keyword=?
Hibernate: 
    select
        kcm1_0.id,
        kcm1_0.category,
        kcm1_0.keyword 
    from
        keyword_category_mapping kcm1_0 
    where
        kcm1_0.keyword=?
Hibernate: 
    select
        kcm1_0.id,
        kcm1_0.category,
        kcm1_0.keyword 
    from
        keyword_category_mapping kcm1_0 
    where
        kcm1_0.keyword=?
Hibernate: 
    select
        kcm1_0.id,
        kcm1_0.category,
        kcm1_0.keyword 
    from
        keyword_category_mapping kcm1_0 
    where
        kcm1_0.keyword=?
Hibernate: 
    select
        kcm1_0.id,
        kcm1_0.category,
        kcm1_0.keyword 
    from
        keyword_category_mapping kcm1_0 
    where
        kcm1_0.keyword=?
Hibernate: 
    select
        kcm1_0.id,
        kcm1_0.category,
        kcm1_0.keyword 
    from
        keyword_category_mapping kcm1_0 
    where
        kcm1_0.keyword=?
Hibernate: 
    select
        kcm1_0.id,
        kcm1_0.category,
        kcm1_0.keyword 
    from
        keyword_category_mapping kcm1_0 
    where
        kcm1_0.keyword=?
Hibernate: 
    select
        kcm1_0.id,
        kcm1_0.category,
        kcm1_0.keyword 
    from
        keyword_category_mapping kcm1_0 
    where
        kcm1_0.keyword=?
Hibernate: 
    select
        kcm1_0.id,
        kcm1_0.category,
        kcm1_0.keyword 
    from
        keyword_category_mapping kcm1_0 
    where
        kcm1_0.keyword=?
Hibernate: 
    select
        kcm1_0.id,
        kcm1_0.category,
        kcm1_0.keyword 
    from
        keyword_category_mapping kcm1_0 
    where
        kcm1_0.keyword=?
Hibernate: 
    select
        kcm1_0.id,
        kcm1_0.category,
        kcm1_0.keyword 
    from
        keyword_category_mapping kcm1_0 
    where
        kcm1_0.keyword=?
Hibernate: 
    select
        kcm1_0.id,
        kcm1_0.category,
        kcm1_0.keyword 
    from
        keyword_category_mapping kcm1_0 
    where
        kcm1_0.keyword=?
Hibernate: 
    select
        kcm1_0.id,
        kcm1_0.category,
        kcm1_0.keyword 
    from
        keyword_category_mapping kcm1_0 
    where
        kcm1_0.keyword=?
Hibernate: 
    select
        kcm1_0.id,
        kcm1_0.category,
        kcm1_0.keyword 
    from
        keyword_category_mapping kcm1_0 
    where
        kcm1_0.keyword=?
Hibernate: 
    select
        kcm1_0.id,
        kcm1_0.category,
        kcm1_0.keyword 
    from
        keyword_category_mapping kcm1_0 
    where
        kcm1_0.keyword=?
Hibernate: 
    select
        kcm1_0.id,
        kcm1_0.category,
        kcm1_0.keyword 
    from
        keyword_category_mapping kcm1_0 
    where
        kcm1_0.keyword=?
Hibernate: 
    select
        kcm1_0.id,
        kcm1_0.category,
        kcm1_0.keyword 
    from
        keyword_category_mapping kcm1_0 
    where
        kcm1_0.keyword=?
Hibernate: 
    select
        kcm1_0.id,
        kcm1_0.category,
        kcm1_0.keyword 
    from
        keyword_category_mapping kcm1_0 
    where
        kcm1_0.keyword=?
Hibernate: 
    select
        kcm1_0.id,
        kcm1_0.category,
        kcm1_0.keyword 
    from
        keyword_category_mapping kcm1_0 
    where
        kcm1_0.keyword=?
Hibernate: 
    select
        kcm1_0.id,
        kcm1_0.category,
        kcm1_0.keyword 
    from
        keyword_category_mapping kcm1_0 
    where
        kcm1_0.keyword=?
Hibernate: 
    select
        kcm1_0.id,
        kcm1_0.category,
        kcm1_0.keyword 
    from
        keyword_category_mapping kcm1_0 
    where
        kcm1_0.keyword=?
Hibernate: 
    select
        kcm1_0.id,
        kcm1_0.category,
        kcm1_0.keyword 
    from
        keyword_category_mapping kcm1_0 
    where
        kcm1_0.keyword=?
Hibernate: 
    select
        kcm1_0.id,
        kcm1_0.category,
        kcm1_0.keyword 
    from
        keyword_category_mapping kcm1_0 
    where
        kcm1_0.keyword=?
Hibernate: 
    select
        kcm1_0.id,
        kcm1_0.category,
        kcm1_0.keyword 
    from
        keyword_category_mapping kcm1_0 
    where
        kcm1_0.keyword=?
Hibernate: 
    select
        kcm1_0.id,
        kcm1_0.category,
        kcm1_0.keyword 
    from
        keyword_category_mapping kcm1_0 
    where
        kcm1_0.keyword=?
Hibernate: 
    select
        kcm1_0.id,
        kcm1_0.category,
        kcm1_0.keyword 
    from
        keyword_category_mapping kcm1_0 
    where
        kcm1_0.keyword=?
Hibernate: 
    select
        kcm1_0.id,
        kcm1_0.category,
        kcm1_0.keyword 
    from
        keyword_category_mapping kcm1_0 
    where
        kcm1_0.keyword=?
Hibernate: 
    select
        kcm1_0.id,
        kcm1_0.category,
        kcm1_0.keyword 
    from
        keyword_category_mapping kcm1_0 
    where
        kcm1_0.keyword=?
Hibernate: 
    select
        kcm1_0.id,
        kcm1_0.category,
        kcm1_0.keyword 
    from
        keyword_category_mapping kcm1_0 
    where
        kcm1_0.keyword=?
Hibernate: 
    select
        kcm1_0.id,
        kcm1_0.category,
        kcm1_0.keyword 
    from
        keyword_category_mapping kcm1_0 
    where
        kcm1_0.keyword=?
Hibernate: 
    select
        kcm1_0.id,
        kcm1_0.category,
        kcm1_0.keyword 
    from
        keyword_category_mapping kcm1_0 
    where
        kcm1_0.keyword=?
Hibernate: 
    select
        kcm1_0.id,
        kcm1_0.category,
        kcm1_0.keyword 
    from
        keyword_category_mapping kcm1_0 
    where
        kcm1_0.keyword=?
Hibernate: 
    select
        kcm1_0.id,
        kcm1_0.category,
        kcm1_0.keyword 
    from
        keyword_category_mapping kcm1_0 
    where
        kcm1_0.keyword=?
Hibernate: 
    select
        kcm1_0.id,
        kcm1_0.category,
        kcm1_0.keyword 
    from
        keyword_category_mapping kcm1_0 
    where
        kcm1_0.keyword=?
Hibernate: 
    select
        kcm1_0.id,
        kcm1_0.category,
        kcm1_0.keyword 
    from
        keyword_category_mapping kcm1_0 
    where
        kcm1_0.keyword=?
Hibernate: 
    select
        kcm1_0.id,
        kcm1_0.category,
        kcm1_0.keyword 
    from
        keyword_category_mapping kcm1_0 
    where
        kcm1_0.keyword=?
Hibernate: 
    select
        kcm1_0.id,
        kcm1_0.category,
        kcm1_0.keyword 
    from
        keyword_category_mapping kcm1_0 
    where
        kcm1_0.keyword=?
Hibernate: 
    select
        kcm1_0.id,
        kcm1_0.category,
        kcm1_0.keyword 
    from
        keyword_category_mapping kcm1_0 
    where
        kcm1_0.keyword=?
Hibernate: 
    select
        kcm1_0.id,
        kcm1_0.category,
        kcm1_0.keyword 
    from
        keyword_category_mapping kcm1_0 
    where
        kcm1_0.keyword=?
Hibernate: 
    select
        kcm1_0.id,
        kcm1_0.category,
        kcm1_0.keyword 
    from
        keyword_category_mapping kcm1_0 
    where
        kcm1_0.keyword=?
Hibernate: 
    select
        p1_0.id,
        p1_0.category,
        p1_0.name 
    from
        product p1_0 
    where
        p1_0.name=?
Hibernate: 
    select
        kcm1_0.id,
        kcm1_0.category,
        kcm1_0.keyword 
    from
        keyword_category_mapping kcm1_0 
    where
        kcm1_0.keyword=?
Hibernate: 
    select
        p1_0.id,
        p1_0.category,
        p1_0.name 
    from
        product p1_0 
    where
        p1_0.name=?
Hibernate: 
    select
        kcm1_0.id,
        kcm1_0.category,
        kcm1_0.keyword 
    from
        keyword_category_mapping kcm1_0 
    where
        kcm1_0.keyword=?
Hibernate: 
    select
        p1_0.id,
        p1_0.category,
        p1_0.name 
    from
        product p1_0 
    where
        p1_0.name=?
Hibernate: 
    select
        kcm1_0.id,
        kcm1_0.category,
        kcm1_0.keyword 
    from
        keyword_category_mapping kcm1_0 
    where
        kcm1_0.keyword=?
Hibernate: 
    select
        p1_0.id,
        p1_0.category,
        p1_0.name 
    from
        product p1_0 
    where
        p1_0.name=?
Hibernate: 
    select
        kcm1_0.id,
        kcm1_0.category,
        kcm1_0.keyword 
    from
        keyword_category_mapping kcm1_0 
    where
        kcm1_0.keyword=?
Hibernate: 
    select
        p1_0.id,
        p1_0.category,
        p1_0.name 
    from
        product p1_0 
    where
        p1_0.name=?
Hibernate: 
    select
        kcm1_0.id,
        kcm1_0.category,
        kcm1_0.keyword 
    from
        keyword_category_mapping kcm1_0 
    where
        kcm1_0.keyword=?
Hibernate: 
    select
        p1_0.id,
        p1_0.category,
        p1_0.name 
    from
        product p1_0 
    where
        p1_0.name=?
Hibernate: 
    select
        kcm1_0.id,
        kcm1_0.category,
        kcm1_0.keyword 
    from
        keyword_category_mapping kcm1_0 
    where
        kcm1_0.keyword=?
Hibernate: 
    select
        p1_0.id,
        p1_0.category,
        p1_0.name 
    from
        product p1_0 
    where
        p1_0.name=?
Hibernate: 
    select
        kcm1_0.id,
        kcm1_0.category,
        kcm1_0.keyword 
    from
        keyword_category_mapping kcm1_0 
    where
        kcm1_0.keyword=?
Hibernate: 
    select
        p1_0.id,
        p1_0.category,
        p1_0.name 
    from
        product p1_0 
    where
        p1_0.name=?
Hibernate: 
    select
        kcm1_0.id,
        kcm1_0.category,
        kcm1_0.keyword 
    from
        keyword_category_mapping kcm1_0 
    where
        kcm1_0.keyword=?
Hibernate: 
    select
        p1_0.id,
        p1_0.category,
        p1_0.name 
    from
        product p1_0 
    where
        p1_0.name=?
Hibernate: 
    select
        kcm1_0.id,
        kcm1_0.category,
        kcm1_0.keyword 
    from
        keyword_category_mapping kcm1_0 
    where
        kcm1_0.keyword=?
Hibernate: 
    select
        p1_0.id,
        p1_0.category,
        p1_0.name 
    from
        product p1_0 
    where
        p1_0.name=?
Hibernate: 
    select
        kcm1_0.id,
        kcm1_0.category,
        kcm1_0.keyword 
    from
        keyword_category_mapping kcm1_0 
    where
        kcm1_0.keyword=?
Hibernate: 
    select
        p1_0.id,
        p1_0.category,
        p1_0.name 
    from
        product p1_0 
    where
        p1_0.name=?
Hibernate: 
    select
        kcm1_0.id,
        kcm1_0.category,
        kcm1_0.keyword 
    from
        keyword_category_mapping kcm1_0 
    where
        kcm1_0.keyword=?
Hibernate: 
    select
        p1_0.id,
        p1_0.category,
        p1_0.name 
    from
        product p1_0 
    where
        p1_0.name=?
Hibernate: 
    select
        kcm1_0.id,
        kcm1_0.category,
        kcm1_0.keyword 
    from
        keyword_category_mapping kcm1_0 
    where
        kcm1_0.keyword=?
Hibernate: 
    select
        p1_0.id,
        p1_0.category,
        p1_0.name 
    from
        product p1_0 
    where
        p1_0.name=?
Hibernate: 
    select
        kcm1_0.id,
        kcm1_0.category,
        kcm1_0.keyword 
    from
        keyword_category_mapping kcm1_0 
    where
        kcm1_0.keyword=?
Hibernate: 
    select
        p1_0.id,
        p1_0.category,
        p1_0.name 
    from
        product p1_0 
    where
        p1_0.name=?
Hibernate: 
    select
        kcm1_0.id,
        kcm1_0.category,
        kcm1_0.keyword 
    from
        keyword_category_mapping kcm1_0 
    where
        kcm1_0.keyword=?
Hibernate: 
    select
        p1_0.id,
        p1_0.category,
        p1_0.name 
    from
        product p1_0 
    where
        p1_0.name=?
Hibernate: 
    select
        kcm1_0.id,
        kcm1_0.category,
        kcm1_0.keyword 
    from
        keyword_category_mapping kcm1_0 
    where
        kcm1_0.keyword=?
Hibernate: 
    select
        p1_0.id,
        p1_0.category,
        p1_0.name 
    from
        product p1_0 
    where
        p1_0.name=?
Hibernate: 
    select
        kcm1_0.id,
        kcm1_0.category,
        kcm1_0.keyword 
    from
        keyword_category_mapping kcm1_0 
    where
        kcm1_0.keyword=?
Hibernate: 
    select
        p1_0.id,
        p1_0.category,
        p1_0.name 
    from
        product p1_0 
    where
        p1_0.name=?
Hibernate: 
    select
        kcm1_0.id,
        kcm1_0.category,
        kcm1_0.keyword 
    from
        keyword_category_mapping kcm1_0 
    where
        kcm1_0.keyword=?
Hibernate: 
    select
        p1_0.id,
        p1_0.category,
        p1_0.name 
    from
        product p1_0 
    where
        p1_0.name=?
Hibernate: 
    select
        kcm1_0.id,
        kcm1_0.category,
        kcm1_0.keyword 
    from
        keyword_category_mapping kcm1_0 
    where
        kcm1_0.keyword=?
Hibernate: 
    select
        p1_0.id,
        p1_0.category,
        p1_0.name 
    from
        product p1_0 
    where
        p1_0.name=?
Hibernate: 
    select
        kcm1_0.id,
        kcm1_0.category,
        kcm1_0.keyword 
    from
        keyword_category_mapping kcm1_0 
    where
        kcm1_0.keyword=?
Hibernate: 
    select
        p1_0.id,
        p1_0.category,
        p1_0.name 
    from
        product p1_0 
    where
        p1_0.name=?
Hibernate: 
    select
        kcm1_0.id,
        kcm1_0.category,
        kcm1_0.keyword 
    from
        keyword_category_mapping kcm1_0 
    where
        kcm1_0.keyword=?
Hibernate: 
    select
        p1_0.id,
        p1_0.category,
        p1_0.name 
    from
        product p1_0 
    where
        p1_0.name=?
Hibernate: 
    select
        kcm1_0.id,
        kcm1_0.category,
        kcm1_0.keyword 
    from
        keyword_category_mapping kcm1_0 
    where
        kcm1_0.keyword=?
Hibernate: 
    select
        p1_0.id,
        p1_0.category,
        p1_0.name 
    from
        product p1_0 
    where
        p1_0.name=?
Hibernate: 
    select
        kcm1_0.id,
        kcm1_0.category,
        kcm1_0.keyword 
    from
        keyword_category_mapping kcm1_0 
    where
        kcm1_0.keyword=?
Hibernate: 
    select
        p1_0.id,
        p1_0.category,
        p1_0.name 
    from
        product p1_0 
    where
        p1_0.name=?
Hibernate: 
    select
        kcm1_0.id,
        kcm1_0.category,
        kcm1_0.keyword 
    from
        keyword_category_mapping kcm1_0 
    where
        kcm1_0.keyword=?
Hibernate: 
    select
        p1_0.id,
        p1_0.category,
        p1_0.name 
    from
        product p1_0 
    where
        p1_0.name=?
Hibernate: 
    select
        kcm1_0.id,
        kcm1_0.category,
        kcm1_0.keyword 
    from
        keyword_category_mapping kcm1_0 
    where
        kcm1_0.keyword=?
Hibernate: 
    select
        p1_0.id,
        p1_0.category,
        p1_0.name 
    from
        product p1_0 
    where
        p1_0.name=?
Hibernate: 
    select
        kcm1_0.id,
        kcm1_0.category,
        kcm1_0.keyword 
    from
        keyword_category_mapping kcm1_0 
    where
        kcm1_0.keyword=?
Hibernate: 
    select
        p1_0.id,
        p1_0.category,
        p1_0.name 
    from
        product p1_0 
    where
        p1_0.name=?
Hibernate: 
    select
        kcm1_0.id,
        kcm1_0.category,
        kcm1_0.keyword 
    from
        keyword_category_mapping kcm1_0 
    where
        kcm1_0.keyword=?
Hibernate: 
    select
        p1_0.id,
        p1_0.category,
        p1_0.name 
    from
        product p1_0 
    where
        p1_0.name=?
Hibernate: 
    select
        kcm1_0.id,
        kcm1_0.category,
        kcm1_0.keyword 
    from
        keyword_category_mapping kcm1_0 
    where
        kcm1_0.keyword=?
Hibernate: 
    select
        p1_0.id,
        p1_0.category,
        p1_0.name 
    from
        product p1_0 
    where
        p1_0.name=?
Hibernate: 
    select
        kcm1_0.id,
        kcm1_0.category,
        kcm1_0.keyword 
    from
        keyword_category_mapping kcm1_0 
    where
        kcm1_0.keyword=?
Hibernate: 
    select
        p1_0.id,
        p1_0.category,
        p1_0.name 
    from
        product p1_0 
    where
        p1_0.name=?
Hibernate: 
    select
        kcm1_0.id,
        kcm1_0.category,
        kcm1_0.keyword 
    from
        keyword_category_mapping kcm1_0 
    where
        kcm1_0.keyword=?
Hibernate: 
    select
        p1_0.id,
        p1_0.category,
        p1_0.name 
    from
        product p1_0 
    where
        p1_0.name=?
Hibernate: 
    select
        kcm1_0.id,
        kcm1_0.category,
        kcm1_0.keyword 
    from
        keyword_category_mapping kcm1_0 
    where
        kcm1_0.keyword=?
Hibernate: 
    select
        p1_0.id,
        p1_0.category,
        p1_0.name 
    from
        product p1_0 
    where
        p1_0.name=?
Hibernate: 
    select
        kcm1_0.id,
        kcm1_0.category,
        kcm1_0.keyword 
    from
        keyword_category_mapping kcm1_0 
    where
        kcm1_0.keyword=?
Hibernate: 
    select
        p1_0.id,
        p1_0.category,
        p1_0.name 
    from
        product p1_0 
    where
        p1_0.name=?
Hibernate: 
    select
        kcm1_0.id,
        kcm1_0.category,
        kcm1_0.keyword 
    from
        keyword_category_mapping kcm1_0 
    where
        kcm1_0.keyword=?
Hibernate: 
    select
        p1_0.id,
        p1_0.category,
        p1_0.name 
    from
        product p1_0 
    where
        p1_0.name=?
Hibernate: 
    select
        kcm1_0.id,
        kcm1_0.category,
        kcm1_0.keyword 
    from
        keyword_category_mapping kcm1_0 
    where
        kcm1_0.keyword=?
Hibernate: 
    select
        p1_0.id,
        p1_0.category,
        p1_0.name 
    from
        product p1_0 
    where
        p1_0.name=?
Hibernate: 
    select
        kcm1_0.id,
        kcm1_0.category,
        kcm1_0.keyword 
    from
        keyword_category_mapping kcm1_0 
    where
        kcm1_0.keyword=?
Hibernate: 
    select
        p1_0.id,
        p1_0.category,
        p1_0.name 
    from
        product p1_0 
    where
        p1_0.name=?
Hibernate: 
    select
        kcm1_0.id,
        kcm1_0.category,
        kcm1_0.keyword 
    from
        keyword_category_mapping kcm1_0 
    where
        kcm1_0.keyword=?
Hibernate: 
    select
        p1_0.id,
        p1_0.category,
        p1_0.name 
    from
        product p1_0 
    where
        p1_0.name=?
Hibernate: 
    select
        kcm1_0.id,
        kcm1_0.category,
        kcm1_0.keyword 
    from
        keyword_category_mapping kcm1_0 
    where
        kcm1_0.keyword=?
Hibernate: 
    select
        p1_0.id,
        p1_0.category,
        p1_0.name 
    from
        product p1_0 
    where
        p1_0.name=?
Hibernate: 
    select
        kcm1_0.id,
        kcm1_0.category,
        kcm1_0.keyword 
    from
        keyword_category_mapping kcm1_0 
    where
        kcm1_0.keyword=?
Hibernate: 
    select
        p1_0.id,
        p1_0.category,
        p1_0.name 
    from
        product p1_0 
    where
        p1_0.name=?
Hibernate: 
    select
        kcm1_0.id,
        kcm1_0.category,
        kcm1_0.keyword 
    from
        keyword_category_mapping kcm1_0 
    where
        kcm1_0.keyword=?
Hibernate: 
    select
        p1_0.id,
        p1_0.category,
        p1_0.name 
    from
        product p1_0 
    where
        p1_0.name=?
Hibernate: 
    select
        kcm1_0.id,
        kcm1_0.category,
        kcm1_0.keyword 
    from
        keyword_category_mapping kcm1_0 
    where
        kcm1_0.keyword=?
Hibernate: 
    select
        p1_0.id,
        p1_0.category,
        p1_0.name 
    from
        product p1_0 
    where
        p1_0.name=?
Hibernate: 
    select
        kcm1_0.id,
        kcm1_0.category,
        kcm1_0.keyword 
    from
        keyword_category_mapping kcm1_0 
    where
        kcm1_0.keyword=?
Hibernate: 
    select
        p1_0.id,
        p1_0.category,
        p1_0.name 
    from
        product p1_0 
    where
        p1_0.name=?
Hibernate: 
    select
        kcm1_0.id,
        kcm1_0.category,
        kcm1_0.keyword 
    from
        keyword_category_mapping kcm1_0 
    where
        kcm1_0.keyword=?
Hibernate: 
    select
        p1_0.id,
        p1_0.category,
        p1_0.name 
    from
        product p1_0 
    where
        p1_0.name=?
Hibernate: 
    select
        kcm1_0.id,
        kcm1_0.category,
        kcm1_0.keyword 
    from
        keyword_category_mapping kcm1_0 
    where
        kcm1_0.keyword=?
Hibernate: 
    select
        p1_0.id,
        p1_0.category,
        p1_0.name 
    from
        product p1_0 
    where
        p1_0.name=?
Hibernate: 
    select
        kcm1_0.id,
        kcm1_0.category,
        kcm1_0.keyword 
    from
        keyword_category_mapping kcm1_0 
    where
        kcm1_0.keyword=?
Hibernate: 
    select
        p1_0.id,
        p1_0.category,
        p1_0.name 
    from
        product p1_0 
    where
        p1_0.name=?
Hibernate: 
    select
        kcm1_0.id,
        kcm1_0.category,
        kcm1_0.keyword 
    from
        keyword_category_mapping kcm1_0 
    where
        kcm1_0.keyword=?
Hibernate: 
    select
        p1_0.id,
        p1_0.category,
        p1_0.name 
    from
        product p1_0 
    where
        p1_0.name=?
Hibernate: 
    select
        kcm1_0.id,
        kcm1_0.category,
        kcm1_0.keyword 
    from
        keyword_category_mapping kcm1_0 
    where
        kcm1_0.keyword=?
Hibernate: 
    select
        p1_0.id,
        p1_0.category,
        p1_0.name 
    from
        product p1_0 
    where
        p1_0.name=?
Hibernate: 
    select
        kcm1_0.id,
        kcm1_0.category,
        kcm1_0.keyword 
    from
        keyword_category_mapping kcm1_0 
    where
        kcm1_0.keyword=?
Hibernate: 
    select
        p1_0.id,
        p1_0.category,
        p1_0.name 
    from
        product p1_0 
    where
        p1_0.name=?
Hibernate: 
    select
        kcm1_0.id,
        kcm1_0.category,
        kcm1_0.keyword 
    from
        keyword_category_mapping kcm1_0 
    where
        kcm1_0.keyword=?
Hibernate: 
    select
        p1_0.id,
        p1_0.category,
        p1_0.name 
    from
        product p1_0 
    where
        p1_0.name=?
Hibernate: 
    select
        kcm1_0.id,
        kcm1_0.category,
        kcm1_0.keyword 
    from
        keyword_category_mapping kcm1_0 
    where
        kcm1_0.keyword=?
Hibernate: 
    select
        p1_0.id,
        p1_0.category,
        p1_0.name 
    from
        product p1_0 
    where
        p1_0.name=?
Hibernate: 
    select
        kcm1_0.id,
        kcm1_0.category,
        kcm1_0.keyword 
    from
        keyword_category_mapping kcm1_0 
    where
        kcm1_0.keyword=?
Hibernate: 
    select
        p1_0.id,
        p1_0.category,
        p1_0.name 
    from
        product p1_0 
    where
        p1_0.name=?
Hibernate: 
    select
        kcm1_0.id,
        kcm1_0.category,
        kcm1_0.keyword 
    from
        keyword_category_mapping kcm1_0 
    where
        kcm1_0.keyword=?
Hibernate: 
    select
        p1_0.id,
        p1_0.category,
        p1_0.name 
    from
        product p1_0 
    where
        p1_0.name=?
Hibernate: 
    select
        kcm1_0.id,
        kcm1_0.category,
        kcm1_0.keyword 
    from
        keyword_category_mapping kcm1_0 
    where
        kcm1_0.keyword=?
Hibernate: 
    select
        p1_0.id,
        p1_0.category,
        p1_0.name 
    from
        product p1_0 
    where
        p1_0.name=?
Hibernate: 
    select
        kcm1_0.id,
        kcm1_0.category,
        kcm1_0.keyword 
    from
        keyword_category_mapping kcm1_0 
    where
        kcm1_0.keyword=?
Hibernate: 
    select
        p1_0.id,
        p1_0.category,
        p1_0.name 
    from
        product p1_0 
    where
        p1_0.name=?
Hibernate: 
    select
        kcm1_0.id,
        kcm1_0.category,
        kcm1_0.keyword 
    from
        keyword_category_mapping kcm1_0 
    where
        kcm1_0.keyword=?
Hibernate: 
    select
        p1_0.id,
        p1_0.category,
        p1_0.name 
    from
        product p1_0 
    where
        p1_0.name=?
Hibernate: 
    select
        kcm1_0.id,
        kcm1_0.category,
        kcm1_0.keyword 
    from
        keyword_category_mapping kcm1_0 
    where
        kcm1_0.keyword=?
Hibernate: 
    select
        p1_0.id,
        p1_0.category,
        p1_0.name 
    from
        product p1_0 
    where
        p1_0.name=?
Hibernate: 
    select
        kcm1_0.id,
        kcm1_0.category,
        kcm1_0.keyword 
    from
        keyword_category_mapping kcm1_0 
    where
        kcm1_0.keyword=?
Hibernate: 
    select
        p1_0.id,
        p1_0.category,
        p1_0.name 
    from
        product p1_0 
    where
        p1_0.name=?
Hibernate: 
    select
        kcm1_0.id,
        kcm1_0.category,
        kcm1_0.keyword 
    from
        keyword_category_mapping kcm1_0 
    where
        kcm1_0.keyword=?
Hibernate: 
    select
        p1_0.id,
        p1_0.category,
        p1_0.name 
    from
        product p1_0 
    where
        p1_0.name=?
Hibernate: 
    select
        kcm1_0.id,
        kcm1_0.category,
        kcm1_0.keyword 
    from
        keyword_category_mapping kcm1_0 
    where
        kcm1_0.keyword=?
Hibernate: 
    select
        p1_0.id,
        p1_0.category,
        p1_0.name 
    from
        product p1_0 
    where
        p1_0.name=?
Hibernate: 
    select
        kcm1_0.id,
        kcm1_0.category,
        kcm1_0.keyword 
    from
        keyword_category_mapping kcm1_0 
    where
        kcm1_0.keyword=?
Hibernate: 
    select
        p1_0.id,
        p1_0.category,
        p1_0.name 
    from
        product p1_0 
    where
        p1_0.name=?
]]></system-out>
  </testcase>
</testsuite>